# JRE version: Java(TM) SE Runtime Environment (9.0+11) (build 9.0.4+11)
# Java VM: Java HotSpot(TM) 64-Bit Server VM (9.0.4+11, mixed mode, tiered, compressed oops, g1 gc, windows-amd64)
Heap:
 garbage-first heap   total 305152K, used 130359K [0x0000000700000000, 0x0000000700100950, 0x00000007c0000000)
  region size 1024K, 33 young (33792K), 1 survivors (1024K)
 Metaspace       used 85830K, capacity 87963K, committed 94972K, reserved 1132544K
  class space    used 10899K, capacity 11352K, committed 12796K, reserved 1048576K
GC Heap History (10 events):
Event: 117509.626 GC heap before
{Heap before GC invocations=2966 (full 936):
 garbage-first heap   total 305152K, used 158726K [0x0000000700000000, 0x0000000700100950, 0x00000007c0000000)
  region size 1024K, 60 young (61440K), 1 survivors (1024K)
 Metaspace       used 85830K, capacity 87963K, committed 94972K, reserved 1132544K
  class space    used 10899K, capacity 11352K, committed 12796K, reserved 1048576K
}
Event: 117509.629 GC heap after
{Heap after GC invocations=2967 (full 936):
 garbage-first heap   total 305152K, used 98235K [0x0000000700000000, 0x0000000700100950, 0x00000007c0000000)
  region size 1024K, 1 young (1024K), 1 survivors (1024K)
 Metaspace       used 85830K, capacity 87963K, committed 94972K, reserved 1132544K
  class space    used 10899K, capacity 11352K, committed 12796K, reserved 1048576K
}
Event: 117512.596 GC heap before
{Heap before GC invocations=2967 (full 936):
 garbage-first heap   total 305152K, used 158651K [0x0000000700000000, 0x0000000700100950, 0x00000007c0000000)
  region size 1024K, 60 young (61440K), 1 survivors (1024K)
 Metaspace       used 85830K, capacity 87963K, committed 94972K, reserved 1132544K
  class space    used 10899K, capacity 11352K, committed 12796K, reserved 1048576K
}
Event: 117512.599 GC heap after
{Heap after GC invocations=2968 (full 936):
 garbage-first heap   total 305152K, used 98562K [0x0000000700000000, 0x0000000700100950, 0x00000007c0000000)
  region size 1024K, 1 young (1024K), 1 survivors (1024K)
 Metaspace       used 85830K, capacity 87963K, committed 94972K, reserved 1132544K
  class space    used 10899K, capacity 11352K, committed 12796K, reserved 1048576K
}
Event: 117514.309 GC heap before
{Heap before GC invocations=2968 (full 936):
 garbage-first heap   total 305152K, used 158978K [0x0000000700000000, 0x0000000700100950, 0x00000007c0000000)
  region size 1024K, 60 young (61440K), 1 survivors (1024K)
 Metaspace       used 85830K, capacity 87963K, committed 94972K, reserved 1132544K
  class space    used 10899K, capacity 11352K, committed 12796K, reserved 1048576K
}
Event: 117514.311 GC heap after
{Heap after GC invocations=2969 (full 936):
 garbage-first heap   total 305152K, used 98382K [0x0000000700000000, 0x0000000700100950, 0x00000007c0000000)
  region size 1024K, 1 young (1024K), 1 survivors (1024K)
 Metaspace       used 85830K, capacity 87963K, committed 94972K, reserved 1132544K
  class space    used 10899K, capacity 11352K, committed 12796K, reserved 1048576K
}
Event: 117516.525 GC heap before
{Heap before GC invocations=2969 (full 936):
 garbage-first heap   total 305152K, used 158798K [0x0000000700000000, 0x0000000700100950, 0x00000007c0000000)
  region size 1024K, 60 young (61440K), 1 survivors (1024K)
 Metaspace       used 85830K, capacity 87963K, committed 94972K, reserved 1132544K
  class space    used 10899K, capacity 11352K, committed 12796K, reserved 1048576K
}
Event: 117516.527 GC heap after
{Heap after GC invocations=2970 (full 936):
 garbage-first heap   total 305152K, used 98335K [0x0000000700000000, 0x0000000700100950, 0x00000007c0000000)
  region size 1024K, 1 young (1024K), 1 survivors (1024K)
 Metaspace       used 85830K, capacity 87963K, committed 94972K, reserved 1132544K
  class space    used 10899K, capacity 11352K, committed 12796K, reserved 1048576K
}
Event: 117517.637 GC heap before
{Heap before GC invocations=2970 (full 936):
 garbage-first heap   total 305152K, used 158751K [0x0000000700000000, 0x0000000700100950, 0x00000007c0000000)
  region size 1024K, 60 young (61440K), 1 survivors (1024K)
 Metaspace       used 85830K, capacity 87963K, committed 94972K, reserved 1132544K
  class space    used 10899K, capacity 11352K, committed 12796K, reserved 1048576K
}
Event: 117517.640 GC heap after
{Heap after GC invocations=2971 (full 936):
 garbage-first heap   total 305152K, used 98615K [0x0000000700000000, 0x0000000700100950, 0x00000007c0000000)
  region size 1024K, 1 young (1024K), 1 survivors (1024K)
 Metaspace       used 85830K, capacity 87963K, committed 94972K, reserved 1132544K
  class space    used 10899K, capacity 11352K, committed 12796K, reserved 1048576K
}

